TBA2019/app/build/outputs/logs/manifest-merger-debug-report.txt
-- Merging decision tree log ---
manifest
ADDED from src\main\AndroidManifest.xml:2:1-48:12
INJECTED from src\main\AndroidManifest.xml:2:1-48:12
INJECTED from src\main\AndroidManifest.xml:2:1-48:12
INJECTED from src\main\AndroidManifest.xml:2:1-48:12
MERGED from [com.android.support:design:27.1.0] AndroidManifest.xml:17:1-22:12
MERGED from [com.android.support:appcompat-v7:27.1.0] AndroidManifest.xml:17:1-22:12
MERGED from [com.android.support.constraint:constraint-layout:1.1.3] AndroidManifest.xml:2:1-11:12
MERGED from [com.android.support:support-v4:27.1.1] AndroidManifest.xml:17:1-22:12
MERGED from [com.android.support:support-fragment:27.1.1] AndroidManifest.xml:17:1-22:12
MERGED from [com.android.support:recyclerview-v7:27.1.0] AndroidManifest.xml:17:1-22:12
MERGED from [com.android.support:animated-vector-drawable:27.1.0] AndroidManifest.xml:17:1-22:12
MERGED from [com.android.support:support-core-ui:27.1.1] AndroidManifest.xml:17:1-22:12
MERGED from [com.android.support:support-core-utils:27.1.1] AndroidManifest.xml:17:1-22:12
MERGED from [com.android.support:support-media-compat:27.1.1] AndroidManifest.xml:17:1-22:12
MERGED from [com.android.support:transition:27.1.0] AndroidManifest.xml:17:1-22:12
MERGED from [com.android.support:support-vector-drawable:27.1.0] AndroidManifest.xml:17:1-22:12
MERGED from [com.android.support:support-compat:27.1.1] AndroidManifest.xml:17:1-22:12
MERGED from [android.arch.lifecycle:livedata-core:1.1.0] AndroidManifest.xml:17:1-22:12
MERGED from [android.arch.lifecycle:viewmodel:1.1.0] AndroidManifest.xml:17:1-22:12
MERGED from [android.arch.lifecycle:runtime:1.1.0] AndroidManifest.xml:17:1-22:12
MERGED from [android.arch.core:runtime:1.1.0] AndroidManifest.xml:17:1-22:12
INJECTED from src\main\AndroidManifest.xml:2:1-48:12
INJECTED from src\main\AndroidManifest.xml:2:1-48:12
INJECTED from src\main\AndroidManifest.xml:2:1-48:12
	package
		ADDED from src\main\AndroidManifest.xml:3:5-39
		INJECTED from src\main\AndroidManifest.xml
		INJECTED from src\main\AndroidManifest.xml
	android:versionName
		INJECTED from src\main\AndroidManifest.xml
		ADDED from src\main\AndroidManifest.xml:2:1-48:12
		INJECTED from src\main\AndroidManifest.xml
	android:versionCode
		INJECTED from src\main\AndroidManifest.xml
		ADDED from src\main\AndroidManifest.xml:2:1-48:12
		INJECTED from src\main\AndroidManifest.xml
	xmlns:android
		ADDED from src\main\AndroidManifest.xml:2:11-69
uses-permission#android.permission.INTERNET
ADDED from src\main\AndroidManifest.xml:5:5-67
	android:name
		ADDED from src\main\AndroidManifest.xml:5:22-64
uses-permission#android.permission.ACCESS_NETWORK_STATE
ADDED from src\main\AndroidManifest.xml:6:5-79
	android:name
		ADDED from src\main\AndroidManifest.xml:6:22-76
application
ADDED from src\main\AndroidManifest.xml:8:5-46:19
MERGED from [com.android.support.constraint:constraint-layout:1.1.3] AndroidManifest.xml:9:5-20
MERGED from [com.android.support.constraint:constraint-layout:1.1.3] AndroidManifest.xml:9:5-20
	android:supportsRtl
		ADDED from src\main\AndroidManifest.xml:13:9-35
	android:label
		ADDED from src\main\AndroidManifest.xml:11:9-41
	android:roundIcon
		ADDED from src\main\AndroidManifest.xml:12:9-54
	android:icon
		ADDED from src\main\AndroidManifest.xml:10:9-43
	android:allowBackup
		ADDED from src\main\AndroidManifest.xml:9:9-35
	android:theme
		ADDED from src\main\AndroidManifest.xml:14:9-40
activity#com.example.tba_osa_2019.TVsActivityGuest
ADDED from src\main\AndroidManifest.xml:15:9-63
	android:name
		ADDED from src\main\AndroidManifest.xml:15:19-51
activity#com.example.tba_osa_2019.TVActivityDetailGuest
ADDED from src\main\AndroidManifest.xml:16:9-59
	android:name
		ADDED from src\main\AndroidManifest.xml:16:19-56
activity#com.example.tba_osa_2019.PhonesActivityGuest
ADDED from src\main\AndroidManifest.xml:17:9-57
	android:name
		ADDED from src\main\AndroidManifest.xml:17:19-54
activity#com.example.tba_osa_2019.PhoneActivityDetailGuest
ADDED from src\main\AndroidManifest.xml:18:9-62
	android:name
		ADDED from src\main\AndroidManifest.xml:18:19-59
activity#com.example.tba_osa_2019.HeadphonesActivityGuest
ADDED from src\main\AndroidManifest.xml:19:9-61
	android:name
		ADDED from src\main\AndroidManifest.xml:19:19-58
activity#com.example.tba_osa_2019.HeadphoneActivityDetailGuest
ADDED from src\main\AndroidManifest.xml:20:9-66
	android:name
		ADDED from src\main\AndroidManifest.xml:20:19-63
activity#com.example.tba_osa_2019.GuestHomePage
ADDED from src\main\AndroidManifest.xml:21:9-51
	android:name
		ADDED from src\main\AndroidManifest.xml:21:19-48
activity#com.example.tba_osa_2019.ShowFavorites
ADDED from src\main\AndroidManifest.xml:22:9-51
	android:name
		ADDED from src\main\AndroidManifest.xml:22:19-48
activity#com.example.tba_osa_2019.AddCommentToProduct
ADDED from src\main\AndroidManifest.xml:23:9-57
	android:name
		ADDED from src\main\AndroidManifest.xml:23:19-54
activity#com.example.tba_osa_2019.TVsActivity
ADDED from src\main\AndroidManifest.xml:24:9-49
	android:name
		ADDED from src\main\AndroidManifest.xml:24:19-46
activity#com.example.tba_osa_2019.AddHeadphoneActivity
ADDED from src\main\AndroidManifest.xml:25:9-58
	android:name
		ADDED from src\main\AndroidManifest.xml:25:19-55
activity#com.example.tba_osa_2019.AddPhoneActivity
ADDED from src\main\AndroidManifest.xml:26:9-54
	android:name
		ADDED from src\main\AndroidManifest.xml:26:19-51
activity#com.example.tba_osa_2019.AddTvActivity
ADDED from src\main\AndroidManifest.xml:27:9-51
	android:name
		ADDED from src\main\AndroidManifest.xml:27:19-48
activity#com.example.tba_osa_2019.TVActivityDetail
ADDED from src\main\AndroidManifest.xml:28:9-54
	android:name
		ADDED from src\main\AndroidManifest.xml:28:19-51
activity#com.example.tba_osa_2019.HeadphonesActivity
ADDED from src\main\AndroidManifest.xml:29:9-56
	android:name
		ADDED from src\main\AndroidManifest.xml:29:19-53
activity#com.example.tba_osa_2019.HeadphoneActivityDetail
ADDED from src\main\AndroidManifest.xml:30:9-61
	android:name
		ADDED from src\main\AndroidManifest.xml:30:19-58
activity#com.example.tba_osa_2019.PhonesActivity
ADDED from src\main\AndroidManifest.xml:31:9-52
	android:name
		ADDED from src\main\AndroidManifest.xml:31:19-49
activity#com.example.tba_osa_2019.PhoneActivityDetail
ADDED from src\main\AndroidManifest.xml:32:9-57
	android:name
		ADDED from src\main\AndroidManifest.xml:32:19-54
activity#com.example.tba_osa_2019.ProfileActivity
ADDED from src\main\AndroidManifest.xml:33:9-53
	android:name
		ADDED from src\main\AndroidManifest.xml:33:19-50
activity#com.example.tba_osa_2019.ShoppingCartActivity
ADDED from src\main\AndroidManifest.xml:34:9-58
	android:name
		ADDED from src\main\AndroidManifest.xml:34:19-55
activity#com.example.tba_osa_2019.HomePageActivity
ADDED from src\main\AndroidManifest.xml:35:9-54
	android:name
		ADDED from src\main\AndroidManifest.xml:35:19-51
activity#com.example.tba_osa_2019.LoginActivity
ADDED from src\main\AndroidManifest.xml:36:9-51
	android:name
		ADDED from src\main\AndroidManifest.xml:36:19-48
activity#com.example.tba_osa_2019.RegistrationActivity
ADDED from src\main\AndroidManifest.xml:37:9-58
	android:name
		ADDED from src\main\AndroidManifest.xml:37:19-55
activity#com.example.tba_osa_2019.SellerHomePageActivity
ADDED from src\main\AndroidManifest.xml:38:9-60
	android:name
		ADDED from src\main\AndroidManifest.xml:38:19-57
activity#com.example.tba_osa_2019.MainActivity
ADDED from src\main\AndroidManifest.xml:39:9-45:20
	android:name
		ADDED from src\main\AndroidManifest.xml:39:19-47
intent-filter#action:name:android.intent.action.MAIN+category:name:android.intent.category.LAUNCHER
ADDED from src\main\AndroidManifest.xml:40:13-44:29
action#android.intent.action.MAIN
ADDED from src\main\AndroidManifest.xml:41:17-69
	android:name
		ADDED from src\main\AndroidManifest.xml:41:25-66
category#android.intent.category.LAUNCHER
ADDED from src\main\AndroidManifest.xml:43:17-77
	android:name
		ADDED from src\main\AndroidManifest.xml:43:27-74
uses-sdk
INJECTED from src\main\AndroidManifest.xml reason: use-sdk injection requested
INJECTED from src\main\AndroidManifest.xml
INJECTED from src\main\AndroidManifest.xml
MERGED from [com.android.support:design:27.1.0] AndroidManifest.xml:20:5-44
MERGED from [com.android.support:design:27.1.0] AndroidManifest.xml:20:5-44
MERGED from [com.android.support:appcompat-v7:27.1.0] AndroidManifest.xml:20:5-44
MERGED from [com.android.support:appcompat-v7:27.1.0] AndroidManifest.xml:20:5-44
MERGED from [com.android.support.constraint:constraint-layout:1.1.3] AndroidManifest.xml:5:5-7:41
MERGED from [com.android.support.constraint:constraint-layout:1.1.3] AndroidManifest.xml:5:5-7:41
MERGED from [com.android.support:support-v4:27.1.1] AndroidManifest.xml:20:5-44
MERGED from [com.android.support:support-v4:27.1.1] AndroidManifest.xml:20:5-44
MERGED from [com.android.support:support-fragment:27.1.1] AndroidManifest.xml:20:5-44
MERGED from [com.android.support:support-fragment:27.1.1] AndroidManifest.xml:20:5-44
MERGED from [com.android.support:recyclerview-v7:27.1.0] AndroidManifest.xml:20:5-44
MERGED from [com.android.support:recyclerview-v7:27.1.0] AndroidManifest.xml:20:5-44
MERGED from [com.android.support:animated-vector-drawable:27.1.0] AndroidManifest.xml:20:5-44
MERGED from [com.android.support:animated-vector-drawable:27.1.0] AndroidManifest.xml:20:5-44
MERGED from [com.android.support:support-core-ui:27.1.1] AndroidManifest.xml:20:5-44
MERGED from [com.android.support:support-core-ui:27.1.1] AndroidManifest.xml:20:5-44
MERGED from [com.android.support:support-core-utils:27.1.1] AndroidManifest.xml:20:5-44
MERGED from [com.android.support:support-core-utils:27.1.1] AndroidManifest.xml:20:5-44
MERGED from [com.android.support:support-media-compat:27.1.1] AndroidManifest.xml:20:5-44
MERGED from [com.android.support:support-media-compat:27.1.1] AndroidManifest.xml:20:5-44
MERGED from [com.android.support:transition:27.1.0] AndroidManifest.xml:20:5-44
MERGED from [com.android.support:transition:27.1.0] AndroidManifest.xml:20:5-44
MERGED from [com.android.support:support-vector-drawable:27.1.0] AndroidManifest.xml:20:5-44
MERGED from [com.android.support:support-vector-drawable:27.1.0] AndroidManifest.xml:20:5-44
MERGED from [com.android.support:support-compat:27.1.1] AndroidManifest.xml:20:5-44
MERGED from [com.android.support:support-compat:27.1.1] AndroidManifest.xml:20:5-44
MERGED from [android.arch.lifecycle:livedata-core:1.1.0] AndroidManifest.xml:20:5-44
MERGED from [android.arch.lifecycle:livedata-core:1.1.0] AndroidManifest.xml:20:5-44
MERGED from [android.arch.lifecycle:viewmodel:1.1.0] AndroidManifest.xml:20:5-44
MERGED from [android.arch.lifecycle:viewmodel:1.1.0] AndroidManifest.xml:20:5-44
MERGED from [android.arch.lifecycle:runtime:1.1.0] AndroidManifest.xml:20:5-44
MERGED from [android.arch.lifecycle:runtime:1.1.0] AndroidManifest.xml:20:5-44
MERGED from [android.arch.core:runtime:1.1.0] AndroidManifest.xml:20:5-44
MERGED from [android.arch.core:runtime:1.1.0] AndroidManifest.xml:20:5-44
INJECTED from src\main\AndroidManifest.xml
INJECTED from src\main\AndroidManifest.xml
	android:targetSdkVersion
		INJECTED from src\main\AndroidManifest.xml
		ADDED from src\main\AndroidManifest.xml
		INJECTED from src\main\AndroidManifest.xml
	android:minSdkVersion
		INJECTED from src\main\AndroidManifest.xml
		ADDED from src\main\AndroidManifest.xml
		INJECTED from src\main\AndroidManifest.xml